Sep 10, 2024 12:40:36 AM edu.curtin.app.App populateGridWithData
INFO: terrain=swampy flood-risk=64.665874 contamination 
Sep 10, 2024 12:40:36 AM edu.curtin.app.App populateGridWithData
INFO: terrain=swampy 
Sep 10, 2024 12:40:36 AM edu.curtin.app.App populateGridWithData
INFO: terrain=swampy 
Sep 10, 2024 12:40:36 AM edu.curtin.app.App populateGridWithData
INFO: terrain=flat 
Sep 10, 2024 12:40:36 AM edu.curtin.app.App populateGridWithData
INFO: terrain=flat height-limit=5 flood-risk=68.052466 
Sep 10, 2024 12:40:36 AM edu.curtin.app.App populateGridWithData
INFO: terrain=flat height-limit=3 flood-risk=63.655706 
Sep 10, 2024 12:40:36 AM edu.curtin.app.App populateGridWithData
INFO: terrain=flat flood-risk=74.644369 height-limit=3 
Sep 10, 2024 12:40:36 AM edu.curtin.app.App populateGridWithData
INFO: terrain=flat height-limit=7 
Sep 10, 2024 12:40:36 AM edu.curtin.app.App populateGridWithData
INFO: terrain=flat flood-risk=59.097613 height-limit=6 heritage=brick 
Sep 10, 2024 12:40:36 AM edu.curtin.app.App populateGridWithData
INFO: terrain=rocky height-limit=4 flood-risk=49.682654 
Sep 10, 2024 12:40:36 AM edu.curtin.app.App populateGridWithData
INFO: terrain=rocky flood-risk=66.735398 height-limit=3 
Sep 10, 2024 12:40:36 AM edu.curtin.app.App populateGridWithData
INFO: terrain=rocky flood-risk=50.639915 
Sep 10, 2024 12:40:36 AM edu.curtin.app.App populateGridWithData
INFO: terrain=rocky heritage=brick flood-risk=52.896509 
Sep 10, 2024 12:40:36 AM edu.curtin.app.App populateGridWithData
INFO: terrain=rocky height-limit=18 flood-risk=43.367851 
Sep 10, 2024 12:40:36 AM edu.curtin.app.App populateGridWithData
INFO: terrain=rocky flood-risk=48.431264 
Sep 10, 2024 12:40:36 AM edu.curtin.app.App populateGridWithData
INFO: terrain=rocky 
Sep 10, 2024 12:40:36 AM edu.curtin.app.App populateGridWithData
INFO: terrain=rocky heritage=stone 
Sep 10, 2024 12:40:36 AM edu.curtin.app.App populateGridWithData
INFO: terrain=rocky flood-risk=67.100903 height-limit=23 heritage=brick 
Sep 10, 2024 12:40:36 AM edu.curtin.app.App populateGridWithData
INFO: terrain=rocky heritage=brick flood-risk=60.407378 
Sep 10, 2024 12:40:36 AM edu.curtin.app.App populateGridWithData
INFO: terrain=rocky 
Sep 10, 2024 12:40:36 AM edu.curtin.app.App populateGridWithData
INFO: terrain=flat heritage=brick 
Sep 10, 2024 12:40:36 AM edu.curtin.app.App populateGridWithData
INFO: terrain=flat heritage=brick 
Sep 10, 2024 12:40:36 AM edu.curtin.app.App populateGridWithData
INFO: terrain=flat heritage=brick 
Sep 10, 2024 12:40:36 AM edu.curtin.app.App populateGridWithData
INFO: terrain=rocky heritage=brick 
Sep 10, 2024 12:40:36 AM edu.curtin.app.App main
INFO: Rows available: 6
Sep 10, 2024 12:40:36 AM edu.curtin.app.App main
INFO: Columns available: 4
